<?xml version="1.0" encoding="UTF-8"?>
<!-- Generated by org.testng.reporters.JUnitXMLReporter -->
<testsuite ignored="0" hostname="LAPTOP-QKE8DCG6" failures="0" tests="13" name="chromeTest" time="92.428" errors="0" timestamp="2024-11-04T05:00:33 GST">
  <testcase classname="testCases.ManageNewsTest" name="verifyAddNews" time="4.735"/>
  <testcase classname="testCases.ManageNewsTest" name="verifySearchNews" time="2.386"/>
  <testcase classname="testCases.ManageContactTest" name="verifyContact" time="5.53"/>
  <testcase classname="testCases.LoginPageTest" name="verifyLoginWithValidCredentials" time="1.39"/>
  <testcase classname="testCases.SubCategoryTest" name="verifySubcategory" time="2.695"/>
  <testcase classname="testCases.SubCategoryTest" name="verifyAddNewItem" time="4.059"/>
  <testcase classname="testCases.ManageContactTest" name="verifyContactReset" time="2.523"/>
  <testcase classname="testCases.LoginPageTest" name="verifyLoginWithInValidCredentials" time="0.796"/>
  <testcase classname="testCases.LoginPageTest" name="verifyLoginWithInValidCredentials" time="0.63"/>
  <testcase classname="testCases.LoginPageTest" name="verifyLoginWithInValidCredentials" time="0.647"/>
  <testcase classname="testCases.SubCategoryTest" name="verifyValidSearch" time="2.533"/>
  <testcase classname="testCases.SubCategoryTest" name="verifyInvalidSearch" time="2.603"/>
  <testcase classname="testCases.SubCategoryTest" name="verifyDeleteItem" time="3.034"/>
</testsuite> <!-- chromeTest -->
