<?xml version="1.0" encoding="UTF-8"?>
<!-- Generated by org.testng.reporters.JUnitXMLReporter -->
<testsuite ignored="0" hostname="LAPTOP-QKE8DCG6" failures="0" tests="13" name="chromeTest" time="74.852" errors="0" timestamp="2024-11-08T06:54:38 GST">
  <testcase classname="testCases.LoginPageTest" name="verifyLoginWithValidCredentials" time="2.921"/>
  <testcase classname="testCases.LoginPageTest" name="verifyLoginWithInValidCredentials" time="0.505"/>
  <testcase classname="testCases.LoginPageTest" name="verifyLoginWithInValidCredentials" time="0.631"/>
  <testcase classname="testCases.LoginPageTest" name="verifyLoginWithInValidCredentials" time="0.56"/>
  <testcase classname="testCases.SubCategoryTest" name="verifySubcategory" time="2.465"/>
  <testcase classname="testCases.SubCategoryTest" name="verifyAddNewItem" time="3.595"/>
  <testcase classname="testCases.SubCategoryTest" name="verifyValidSearch" time="2.172"/>
  <testcase classname="testCases.SubCategoryTest" name="verifyInvalidSearch" time="2.214"/>
  <testcase classname="testCases.SubCategoryTest" name="verifyDeleteItem" time="2.718"/>
  <testcase classname="testCases.ManageNewsTest" name="verifyAddNews" time="2.827"/>
  <testcase classname="testCases.ManageNewsTest" name="verifySearchNews" time="2.005"/>
  <testcase classname="testCases.ManageContactTest" name="verifyContact" time="5.194"/>
  <testcase classname="testCases.ManageContactTest" name="verifyContactReset" time="2.194"/>
</testsuite> <!-- chromeTest -->
