<?xml version="1.0" encoding="UTF-8"?>
<!-- Generated by org.testng.reporters.JUnitXMLReporter -->
<testsuite ignored="0" hostname="LAPTOP-QKE8DCG6" failures="0" tests="9" name="firefoxTest" time="123.551" errors="0" timestamp="2024-10-23T06:26:42 GST">
  <testcase classname="testCases.LoginPageTest" name="verifyLoginWithValidCredentials" time="2.538"/>
  <testcase classname="testCases.SubCategoryTest" name="verifyLoginWithValidCredentials" time="3.849"/>
  <testcase classname="testCases.SubCategoryTest" name="verifyAddNewItem" time="5.851"/>
  <testcase classname="testCases.LoginPageTest" name="verifyLoginWithInValidCredentials" time="0.708"/>
  <testcase classname="testCases.LoginPageTest" name="verifyLoginWithInValidCredentials" time="0.66"/>
  <testcase classname="testCases.LoginPageTest" name="verifyLoginWithInValidCredentials" time="0.821"/>
  <testcase classname="testCases.SubCategoryTest" name="verifyValidSearch" time="3.109"/>
  <testcase classname="testCases.SubCategoryTest" name="verifyInvalidSearch" time="3.215"/>
  <testcase classname="testCases.SubCategoryTest" name="verifyDeleteItem" time="3.296"/>
</testsuite> <!-- firefoxTest -->
