<?xml version="1.0" encoding="UTF-8"?>
<testng-results ignored="0" total="13" passed="13" failed="0" skipped="0">
  <reporter-output>
  </reporter-output>
  <suite started-at="2024-11-08T06:53:23 GST" name="GroceryApplication" finished-at="2024-11-08T06:54:38 GST" duration-ms="74852">
    <groups>
    </groups>
    <test started-at="2024-11-08T06:53:23 GST" name="chromeTest" finished-at="2024-11-08T06:54:38 GST" duration-ms="74852">
      <class name="testCases.ManageNewsTest">
        <test-method is-config="true" signature="beforeMethod(java.lang.String)[pri:0, instance:testCases.ManageNewsTest@dd05255]" started-at="2024-11-08T06:54:13 GST" name="beforeMethod" finished-at="2024-11-08T06:54:16 GST" duration-ms="2929" status="PASS">
          <params>
            <param index="0">
              <value>
                <![CDATA[chrome]]>
              </value>
            </param>
          </params>
          <reporter-output>
          </reporter-output>
        </test-method> <!-- beforeMethod -->
        <test-method signature="verifyAddNews()[pri:0, instance:testCases.ManageNewsTest@dd05255]" started-at="2024-11-08T06:54:16 GST" name="verifyAddNews" finished-at="2024-11-08T06:54:19 GST" duration-ms="2827" status="PASS">
          <reporter-output>
          </reporter-output>
        </test-method> <!-- verifyAddNews -->
        <test-method is-config="true" signature="afterMethode(org.testng.ITestResult)[pri:0, instance:testCases.ManageNewsTest@dd05255]" started-at="2024-11-08T06:54:19 GST" name="afterMethode" finished-at="2024-11-08T06:54:19 GST" duration-ms="192" status="PASS">
          <params>
            <param index="0">
              <value>
                <![CDATA[[TestResult name=verifyAddNews status=SUCCESS method=ManageNewsTest.verifyAddNews()[pri:0, instance:testCases.ManageNewsTest@dd05255] output={null}]]]>
              </value>
            </param>
          </params>
          <reporter-output>
          </reporter-output>
        </test-method> <!-- afterMethode -->
        <test-method is-config="true" signature="beforeMethod(java.lang.String)[pri:0, instance:testCases.ManageNewsTest@dd05255]" started-at="2024-11-08T06:54:19 GST" name="beforeMethod" finished-at="2024-11-08T06:54:22 GST" duration-ms="2822" status="PASS">
          <params>
            <param index="0">
              <value>
                <![CDATA[chrome]]>
              </value>
            </param>
          </params>
          <reporter-output>
          </reporter-output>
        </test-method> <!-- beforeMethod -->
        <test-method signature="verifySearchNews()[pri:0, instance:testCases.ManageNewsTest@dd05255]" started-at="2024-11-08T06:54:22 GST" name="verifySearchNews" finished-at="2024-11-08T06:54:24 GST" duration-ms="2005" status="PASS">
          <reporter-output>
          </reporter-output>
        </test-method> <!-- verifySearchNews -->
        <test-method is-config="true" signature="afterMethode(org.testng.ITestResult)[pri:0, instance:testCases.ManageNewsTest@dd05255]" started-at="2024-11-08T06:54:24 GST" name="afterMethode" finished-at="2024-11-08T06:54:24 GST" duration-ms="190" status="PASS">
          <params>
            <param index="0">
              <value>
                <![CDATA[[TestResult name=verifySearchNews status=SUCCESS method=ManageNewsTest.verifySearchNews()[pri:0, instance:testCases.ManageNewsTest@dd05255] output={null}]]]>
              </value>
            </param>
          </params>
          <reporter-output>
          </reporter-output>
        </test-method> <!-- afterMethode -->
      </class> <!-- testCases.ManageNewsTest -->
      <class name="testCases.LoginPageTest">
        <test-method is-config="true" signature="beforeMethod(java.lang.String)[pri:0, instance:testCases.LoginPageTest@30c15d8b]" started-at="2024-11-08T06:53:23 GST" name="beforeMethod" finished-at="2024-11-08T06:53:30 GST" duration-ms="6456" status="PASS">
          <params>
            <param index="0">
              <value>
                <![CDATA[chrome]]>
              </value>
            </param>
          </params>
          <reporter-output>
          </reporter-output>
        </test-method> <!-- beforeMethod -->
        <test-method signature="verifyLoginWithValidCredentials()[pri:1, instance:testCases.LoginPageTest@30c15d8b]" started-at="2024-11-08T06:53:30 GST" name="verifyLoginWithValidCredentials" finished-at="2024-11-08T06:53:33 GST" duration-ms="2921" status="PASS">
          <reporter-output>
          </reporter-output>
        </test-method> <!-- verifyLoginWithValidCredentials -->
        <test-method is-config="true" signature="afterMethode(org.testng.ITestResult)[pri:0, instance:testCases.LoginPageTest@30c15d8b]" started-at="2024-11-08T06:53:33 GST" name="afterMethode" finished-at="2024-11-08T06:53:33 GST" duration-ms="217" status="PASS">
          <params>
            <param index="0">
              <value>
                <![CDATA[[TestResult name=verifyLoginWithValidCredentials status=SUCCESS method=LoginPageTest.verifyLoginWithValidCredentials()[pri:1, instance:testCases.LoginPageTest@30c15d8b] output={null}]]]>
              </value>
            </param>
          </params>
          <reporter-output>
          </reporter-output>
        </test-method> <!-- afterMethode -->
        <test-method is-config="true" signature="beforeMethod(java.lang.String)[pri:0, instance:testCases.LoginPageTest@30c15d8b]" started-at="2024-11-08T06:53:33 GST" name="beforeMethod" finished-at="2024-11-08T06:53:36 GST" duration-ms="2947" status="PASS">
          <params>
            <param index="0">
              <value>
                <![CDATA[chrome]]>
              </value>
            </param>
          </params>
          <reporter-output>
          </reporter-output>
        </test-method> <!-- beforeMethod -->
        <test-method signature="verifyLoginWithInValidCredentials(java.lang.String,java.lang.String)[pri:2, instance:testCases.LoginPageTest@30c15d8b]" started-at="2024-11-08T06:53:36 GST" name="verifyLoginWithInValidCredentials" data-provider="data-provider" finished-at="2024-11-08T06:53:36 GST" duration-ms="505" status="PASS">
          <params>
            <param index="0">
              <value>
                <![CDATA[admin]]>
              </value>
            </param>
            <param index="1">
              <value>
                <![CDATA[adm]]>
              </value>
            </param>
          </params>
          <reporter-output>
          </reporter-output>
        </test-method> <!-- verifyLoginWithInValidCredentials -->
        <test-method is-config="true" signature="afterMethode(org.testng.ITestResult)[pri:0, instance:testCases.LoginPageTest@30c15d8b]" started-at="2024-11-08T06:53:36 GST" name="afterMethode" finished-at="2024-11-08T06:53:36 GST" duration-ms="148" status="PASS">
          <params>
            <param index="0">
              <value>
                <![CDATA[[TestResult name=verifyLoginWithInValidCredentials status=SUCCESS method=LoginPageTest.verifyLoginWithInValidCredentials(java.lang.String,java.lang.String)[pri:2, instance:testCases.LoginPageTest@30c15d8b] output={null}]]]>
              </value>
            </param>
          </params>
          <reporter-output>
          </reporter-output>
        </test-method> <!-- afterMethode -->
        <test-method is-config="true" signature="beforeMethod(java.lang.String)[pri:0, instance:testCases.LoginPageTest@30c15d8b]" started-at="2024-11-08T06:53:36 GST" name="beforeMethod" finished-at="2024-11-08T06:53:39 GST" duration-ms="2821" status="PASS">
          <params>
            <param index="0">
              <value>
                <![CDATA[chrome]]>
              </value>
            </param>
          </params>
          <reporter-output>
          </reporter-output>
        </test-method> <!-- beforeMethod -->
        <test-method signature="verifyLoginWithInValidCredentials(java.lang.String,java.lang.String)[pri:2, instance:testCases.LoginPageTest@30c15d8b]" started-at="2024-11-08T06:53:39 GST" name="verifyLoginWithInValidCredentials" data-provider="data-provider" finished-at="2024-11-08T06:53:40 GST" duration-ms="631" status="PASS">
          <params>
            <param index="0">
              <value>
                <![CDATA[abcd]]>
              </value>
            </param>
            <param index="1">
              <value>
                <![CDATA[admin]]>
              </value>
            </param>
          </params>
          <reporter-output>
          </reporter-output>
        </test-method> <!-- verifyLoginWithInValidCredentials -->
        <test-method is-config="true" signature="afterMethode(org.testng.ITestResult)[pri:0, instance:testCases.LoginPageTest@30c15d8b]" started-at="2024-11-08T06:53:40 GST" name="afterMethode" finished-at="2024-11-08T06:53:40 GST" duration-ms="160" status="PASS">
          <params>
            <param index="0">
              <value>
                <![CDATA[[TestResult name=verifyLoginWithInValidCredentials status=SUCCESS method=LoginPageTest.verifyLoginWithInValidCredentials(java.lang.String,java.lang.String)[pri:2, instance:testCases.LoginPageTest@30c15d8b] output={null}]]]>
              </value>
            </param>
          </params>
          <reporter-output>
          </reporter-output>
        </test-method> <!-- afterMethode -->
        <test-method is-config="true" signature="beforeMethod(java.lang.String)[pri:0, instance:testCases.LoginPageTest@30c15d8b]" started-at="2024-11-08T06:53:40 GST" name="beforeMethod" finished-at="2024-11-08T06:53:43 GST" duration-ms="2925" status="PASS">
          <params>
            <param index="0">
              <value>
                <![CDATA[chrome]]>
              </value>
            </param>
          </params>
          <reporter-output>
          </reporter-output>
        </test-method> <!-- beforeMethod -->
        <test-method signature="verifyLoginWithInValidCredentials(java.lang.String,java.lang.String)[pri:2, instance:testCases.LoginPageTest@30c15d8b]" started-at="2024-11-08T06:53:43 GST" name="verifyLoginWithInValidCredentials" data-provider="data-provider" finished-at="2024-11-08T06:53:44 GST" duration-ms="560" status="PASS">
          <params>
            <param index="0">
              <value>
                <![CDATA[abcd]]>
              </value>
            </param>
            <param index="1">
              <value>
                <![CDATA[abcde]]>
              </value>
            </param>
          </params>
          <reporter-output>
          </reporter-output>
        </test-method> <!-- verifyLoginWithInValidCredentials -->
        <test-method is-config="true" signature="afterMethode(org.testng.ITestResult)[pri:0, instance:testCases.LoginPageTest@30c15d8b]" started-at="2024-11-08T06:53:44 GST" name="afterMethode" finished-at="2024-11-08T06:53:44 GST" duration-ms="181" status="PASS">
          <params>
            <param index="0">
              <value>
                <![CDATA[[TestResult name=verifyLoginWithInValidCredentials status=SUCCESS method=LoginPageTest.verifyLoginWithInValidCredentials(java.lang.String,java.lang.String)[pri:2, instance:testCases.LoginPageTest@30c15d8b] output={null}]]]>
              </value>
            </param>
          </params>
          <reporter-output>
          </reporter-output>
        </test-method> <!-- afterMethode -->
      </class> <!-- testCases.LoginPageTest -->
      <class name="testCases.SubCategoryTest">
        <test-method is-config="true" signature="beforeMethod(java.lang.String)[pri:0, instance:testCases.SubCategoryTest@7e6f74c]" started-at="2024-11-08T06:53:44 GST" name="beforeMethod" finished-at="2024-11-08T06:53:47 GST" duration-ms="3465" status="PASS">
          <params>
            <param index="0">
              <value>
                <![CDATA[chrome]]>
              </value>
            </param>
          </params>
          <reporter-output>
          </reporter-output>
        </test-method> <!-- beforeMethod -->
        <test-method signature="verifySubcategory()[pri:1, instance:testCases.SubCategoryTest@7e6f74c]" started-at="2024-11-08T06:53:47 GST" name="verifySubcategory" finished-at="2024-11-08T06:53:50 GST" duration-ms="2465" status="PASS">
          <reporter-output>
          </reporter-output>
        </test-method> <!-- verifySubcategory -->
        <test-method is-config="true" signature="afterMethode(org.testng.ITestResult)[pri:0, instance:testCases.SubCategoryTest@7e6f74c]" started-at="2024-11-08T06:53:50 GST" name="afterMethode" finished-at="2024-11-08T06:53:50 GST" duration-ms="196" status="PASS">
          <params>
            <param index="0">
              <value>
                <![CDATA[[TestResult name=verifySubcategory status=SUCCESS method=SubCategoryTest.verifySubcategory()[pri:1, instance:testCases.SubCategoryTest@7e6f74c] output={null}]]]>
              </value>
            </param>
          </params>
          <reporter-output>
          </reporter-output>
        </test-method> <!-- afterMethode -->
        <test-method is-config="true" signature="beforeMethod(java.lang.String)[pri:0, instance:testCases.SubCategoryTest@7e6f74c]" started-at="2024-11-08T06:53:50 GST" name="beforeMethod" finished-at="2024-11-08T06:53:53 GST" duration-ms="2942" status="PASS">
          <params>
            <param index="0">
              <value>
                <![CDATA[chrome]]>
              </value>
            </param>
          </params>
          <reporter-output>
          </reporter-output>
        </test-method> <!-- beforeMethod -->
        <test-method signature="verifyAddNewItem()[pri:2, instance:testCases.SubCategoryTest@7e6f74c]" started-at="2024-11-08T06:53:53 GST" name="verifyAddNewItem" finished-at="2024-11-08T06:53:56 GST" duration-ms="3595" status="PASS">
          <reporter-output>
          </reporter-output>
        </test-method> <!-- verifyAddNewItem -->
        <test-method is-config="true" signature="afterMethode(org.testng.ITestResult)[pri:0, instance:testCases.SubCategoryTest@7e6f74c]" started-at="2024-11-08T06:53:56 GST" name="afterMethode" finished-at="2024-11-08T06:53:57 GST" duration-ms="174" status="PASS">
          <params>
            <param index="0">
              <value>
                <![CDATA[[TestResult name=verifyAddNewItem status=SUCCESS method=SubCategoryTest.verifyAddNewItem()[pri:2, instance:testCases.SubCategoryTest@7e6f74c] output={null}]]]>
              </value>
            </param>
          </params>
          <reporter-output>
          </reporter-output>
        </test-method> <!-- afterMethode -->
        <test-method is-config="true" signature="beforeMethod(java.lang.String)[pri:0, instance:testCases.SubCategoryTest@7e6f74c]" started-at="2024-11-08T06:53:57 GST" name="beforeMethod" finished-at="2024-11-08T06:54:00 GST" duration-ms="3096" status="PASS">
          <params>
            <param index="0">
              <value>
                <![CDATA[chrome]]>
              </value>
            </param>
          </params>
          <reporter-output>
          </reporter-output>
        </test-method> <!-- beforeMethod -->
        <test-method signature="verifyValidSearch()[pri:3, instance:testCases.SubCategoryTest@7e6f74c]" started-at="2024-11-08T06:54:00 GST" name="verifyValidSearch" finished-at="2024-11-08T06:54:02 GST" duration-ms="2172" status="PASS">
          <reporter-output>
          </reporter-output>
        </test-method> <!-- verifyValidSearch -->
        <test-method is-config="true" signature="afterMethode(org.testng.ITestResult)[pri:0, instance:testCases.SubCategoryTest@7e6f74c]" started-at="2024-11-08T06:54:02 GST" name="afterMethode" finished-at="2024-11-08T06:54:02 GST" duration-ms="187" status="PASS">
          <params>
            <param index="0">
              <value>
                <![CDATA[[TestResult name=verifyValidSearch status=SUCCESS method=SubCategoryTest.verifyValidSearch()[pri:3, instance:testCases.SubCategoryTest@7e6f74c] output={null}]]]>
              </value>
            </param>
          </params>
          <reporter-output>
          </reporter-output>
        </test-method> <!-- afterMethode -->
        <test-method is-config="true" signature="beforeMethod(java.lang.String)[pri:0, instance:testCases.SubCategoryTest@7e6f74c]" started-at="2024-11-08T06:54:02 GST" name="beforeMethod" finished-at="2024-11-08T06:54:05 GST" duration-ms="2894" status="PASS">
          <params>
            <param index="0">
              <value>
                <![CDATA[chrome]]>
              </value>
            </param>
          </params>
          <reporter-output>
          </reporter-output>
        </test-method> <!-- beforeMethod -->
        <test-method signature="verifyInvalidSearch()[pri:4, instance:testCases.SubCategoryTest@7e6f74c]" started-at="2024-11-08T06:54:05 GST" name="verifyInvalidSearch" finished-at="2024-11-08T06:54:07 GST" duration-ms="2214" status="PASS">
          <reporter-output>
          </reporter-output>
        </test-method> <!-- verifyInvalidSearch -->
        <test-method is-config="true" signature="afterMethode(org.testng.ITestResult)[pri:0, instance:testCases.SubCategoryTest@7e6f74c]" started-at="2024-11-08T06:54:07 GST" name="afterMethode" finished-at="2024-11-08T06:54:07 GST" duration-ms="194" status="PASS">
          <params>
            <param index="0">
              <value>
                <![CDATA[[TestResult name=verifyInvalidSearch status=SUCCESS method=SubCategoryTest.verifyInvalidSearch()[pri:4, instance:testCases.SubCategoryTest@7e6f74c] output={null}]]]>
              </value>
            </param>
          </params>
          <reporter-output>
          </reporter-output>
        </test-method> <!-- afterMethode -->
        <test-method is-config="true" signature="beforeMethod(java.lang.String)[pri:0, instance:testCases.SubCategoryTest@7e6f74c]" started-at="2024-11-08T06:54:07 GST" name="beforeMethod" finished-at="2024-11-08T06:54:10 GST" duration-ms="3017" status="PASS">
          <params>
            <param index="0">
              <value>
                <![CDATA[chrome]]>
              </value>
            </param>
          </params>
          <reporter-output>
          </reporter-output>
        </test-method> <!-- beforeMethod -->
        <test-method signature="verifyDeleteItem()[pri:5, instance:testCases.SubCategoryTest@7e6f74c]" started-at="2024-11-08T06:54:10 GST" name="verifyDeleteItem" finished-at="2024-11-08T06:54:13 GST" duration-ms="2718" status="PASS">
          <reporter-output>
          </reporter-output>
        </test-method> <!-- verifyDeleteItem -->
        <test-method is-config="true" signature="afterMethode(org.testng.ITestResult)[pri:0, instance:testCases.SubCategoryTest@7e6f74c]" started-at="2024-11-08T06:54:13 GST" name="afterMethode" finished-at="2024-11-08T06:54:13 GST" duration-ms="150" status="PASS">
          <params>
            <param index="0">
              <value>
                <![CDATA[[TestResult name=verifyDeleteItem status=SUCCESS method=SubCategoryTest.verifyDeleteItem()[pri:5, instance:testCases.SubCategoryTest@7e6f74c] output={null}]]]>
              </value>
            </param>
          </params>
          <reporter-output>
          </reporter-output>
        </test-method> <!-- afterMethode -->
      </class> <!-- testCases.SubCategoryTest -->
      <class name="testCases.ManageContactTest">
        <test-method is-config="true" signature="beforeMethod(java.lang.String)[pri:0, instance:testCases.ManageContactTest@6a78afa0]" started-at="2024-11-08T06:54:24 GST" name="beforeMethod" finished-at="2024-11-08T06:54:27 GST" duration-ms="2839" status="PASS">
          <params>
            <param index="0">
              <value>
                <![CDATA[chrome]]>
              </value>
            </param>
          </params>
          <reporter-output>
          </reporter-output>
        </test-method> <!-- beforeMethod -->
        <test-method signature="verifyContact()[pri:1, instance:testCases.ManageContactTest@6a78afa0]" started-at="2024-11-08T06:54:27 GST" name="verifyContact" finished-at="2024-11-08T06:54:32 GST" duration-ms="5194" status="PASS">
          <reporter-output>
          </reporter-output>
        </test-method> <!-- verifyContact -->
        <test-method is-config="true" signature="afterMethode(org.testng.ITestResult)[pri:0, instance:testCases.ManageContactTest@6a78afa0]" started-at="2024-11-08T06:54:32 GST" name="afterMethode" finished-at="2024-11-08T06:54:32 GST" duration-ms="182" status="PASS">
          <params>
            <param index="0">
              <value>
                <![CDATA[[TestResult name=verifyContact status=SUCCESS method=ManageContactTest.verifyContact()[pri:1, instance:testCases.ManageContactTest@6a78afa0] output={null}]]]>
              </value>
            </param>
          </params>
          <reporter-output>
          </reporter-output>
        </test-method> <!-- afterMethode -->
        <test-method is-config="true" signature="beforeMethod(java.lang.String)[pri:0, instance:testCases.ManageContactTest@6a78afa0]" started-at="2024-11-08T06:54:32 GST" name="beforeMethod" finished-at="2024-11-08T06:54:35 GST" duration-ms="2960" status="PASS">
          <params>
            <param index="0">
              <value>
                <![CDATA[chrome]]>
              </value>
            </param>
          </params>
          <reporter-output>
          </reporter-output>
        </test-method> <!-- beforeMethod -->
        <test-method signature="verifyContactReset()[pri:2, instance:testCases.ManageContactTest@6a78afa0]" started-at="2024-11-08T06:54:35 GST" name="verifyContactReset" finished-at="2024-11-08T06:54:38 GST" duration-ms="2194" status="PASS">
          <reporter-output>
          </reporter-output>
        </test-method> <!-- verifyContactReset -->
        <test-method is-config="true" signature="afterMethode(org.testng.ITestResult)[pri:0, instance:testCases.ManageContactTest@6a78afa0]" started-at="2024-11-08T06:54:38 GST" name="afterMethode" finished-at="2024-11-08T06:54:38 GST" duration-ms="175" status="PASS">
          <params>
            <param index="0">
              <value>
                <![CDATA[[TestResult name=verifyContactReset status=SUCCESS method=ManageContactTest.verifyContactReset()[pri:2, instance:testCases.ManageContactTest@6a78afa0] output={null}]]]>
              </value>
            </param>
          </params>
          <reporter-output>
          </reporter-output>
        </test-method> <!-- afterMethode -->
      </class> <!-- testCases.ManageContactTest -->
    </test> <!-- chromeTest -->
  </suite> <!-- GroceryApplication -->
</testng-results>
