<?xml version="1.0" encoding="UTF-8"?>
<testng-results ignored="0" total="13" passed="13" failed="0" skipped="0">
  <reporter-output>
  </reporter-output>
  <suite started-at="2024-11-04T04:59:00 GST" name="GroceryApplication" finished-at="2024-11-04T05:00:33 GST" duration-ms="92428">
    <groups>
    </groups>
    <test started-at="2024-11-04T04:59:00 GST" name="chromeTest" finished-at="2024-11-04T05:00:33 GST" duration-ms="92428">
      <class name="testCases.ManageNewsTest">
        <test-method is-config="true" signature="beforeMethod(java.lang.String)[pri:0, instance:testCases.ManageNewsTest@545b995e]" started-at="2024-11-04T04:59:01 GST" name="beforeMethod" finished-at="2024-11-04T04:59:08 GST" duration-ms="7013" status="PASS">
          <params>
            <param index="0">
              <value>
                <![CDATA[chrome]]>
              </value>
            </param>
          </params>
          <reporter-output>
          </reporter-output>
        </test-method> <!-- beforeMethod -->
        <test-method signature="verifyAddNews()[pri:0, instance:testCases.ManageNewsTest@545b995e]" started-at="2024-11-04T04:59:08 GST" name="verifyAddNews" finished-at="2024-11-04T04:59:12 GST" duration-ms="4735" status="PASS">
          <reporter-output>
          </reporter-output>
        </test-method> <!-- verifyAddNews -->
        <test-method is-config="true" signature="afterMethode(org.testng.ITestResult)[pri:0, instance:testCases.ManageNewsTest@545b995e]" started-at="2024-11-04T04:59:12 GST" name="afterMethode" finished-at="2024-11-04T04:59:13 GST" duration-ms="300" status="PASS">
          <params>
            <param index="0">
              <value>
                <![CDATA[[TestResult name=verifyAddNews status=SUCCESS method=ManageNewsTest.verifyAddNews()[pri:0, instance:testCases.ManageNewsTest@545b995e] output={null}]]]>
              </value>
            </param>
          </params>
          <reporter-output>
          </reporter-output>
        </test-method> <!-- afterMethode -->
        <test-method is-config="true" signature="beforeMethod(java.lang.String)[pri:0, instance:testCases.ManageNewsTest@545b995e]" started-at="2024-11-04T04:59:13 GST" name="beforeMethod" finished-at="2024-11-04T04:59:17 GST" duration-ms="4334" status="PASS">
          <params>
            <param index="0">
              <value>
                <![CDATA[chrome]]>
              </value>
            </param>
          </params>
          <reporter-output>
          </reporter-output>
        </test-method> <!-- beforeMethod -->
        <test-method signature="verifySearchNews()[pri:0, instance:testCases.ManageNewsTest@545b995e]" started-at="2024-11-04T04:59:17 GST" name="verifySearchNews" finished-at="2024-11-04T04:59:19 GST" duration-ms="2386" status="PASS">
          <reporter-output>
          </reporter-output>
        </test-method> <!-- verifySearchNews -->
        <test-method is-config="true" signature="afterMethode(org.testng.ITestResult)[pri:0, instance:testCases.ManageNewsTest@545b995e]" started-at="2024-11-04T04:59:19 GST" name="afterMethode" finished-at="2024-11-04T04:59:20 GST" duration-ms="368" status="PASS">
          <params>
            <param index="0">
              <value>
                <![CDATA[[TestResult name=verifySearchNews status=SUCCESS method=ManageNewsTest.verifySearchNews()[pri:0, instance:testCases.ManageNewsTest@545b995e] output={null}]]]>
              </value>
            </param>
          </params>
          <reporter-output>
          </reporter-output>
        </test-method> <!-- afterMethode -->
      </class> <!-- testCases.ManageNewsTest -->
      <class name="testCases.LoginPageTest">
        <test-method is-config="true" signature="beforeMethod(java.lang.String)[pri:0, instance:testCases.LoginPageTest@1603cd68]" started-at="2024-11-04T04:59:31 GST" name="beforeMethod" finished-at="2024-11-04T04:59:35 GST" duration-ms="4511" status="PASS">
          <params>
            <param index="0">
              <value>
                <![CDATA[chrome]]>
              </value>
            </param>
          </params>
          <reporter-output>
          </reporter-output>
        </test-method> <!-- beforeMethod -->
        <test-method signature="verifyLoginWithValidCredentials()[pri:1, instance:testCases.LoginPageTest@1603cd68]" started-at="2024-11-04T04:59:35 GST" name="verifyLoginWithValidCredentials" finished-at="2024-11-04T04:59:36 GST" duration-ms="1390" status="PASS">
          <reporter-output>
          </reporter-output>
        </test-method> <!-- verifyLoginWithValidCredentials -->
        <test-method is-config="true" signature="afterMethode(org.testng.ITestResult)[pri:0, instance:testCases.LoginPageTest@1603cd68]" started-at="2024-11-04T04:59:36 GST" name="afterMethode" finished-at="2024-11-04T04:59:37 GST" duration-ms="208" status="PASS">
          <params>
            <param index="0">
              <value>
                <![CDATA[[TestResult name=verifyLoginWithValidCredentials status=SUCCESS method=LoginPageTest.verifyLoginWithValidCredentials()[pri:1, instance:testCases.LoginPageTest@1603cd68] output={null}]]]>
              </value>
            </param>
          </params>
          <reporter-output>
          </reporter-output>
        </test-method> <!-- afterMethode -->
        <test-method is-config="true" signature="beforeMethod(java.lang.String)[pri:0, instance:testCases.LoginPageTest@1603cd68]" started-at="2024-11-04T04:59:58 GST" name="beforeMethod" finished-at="2024-11-04T05:00:01 GST" duration-ms="3128" status="PASS">
          <params>
            <param index="0">
              <value>
                <![CDATA[chrome]]>
              </value>
            </param>
          </params>
          <reporter-output>
          </reporter-output>
        </test-method> <!-- beforeMethod -->
        <test-method signature="verifyLoginWithInValidCredentials(java.lang.String,java.lang.String)[pri:2, instance:testCases.LoginPageTest@1603cd68]" started-at="2024-11-04T05:00:01 GST" name="verifyLoginWithInValidCredentials" data-provider="data-provider" finished-at="2024-11-04T05:00:02 GST" duration-ms="796" status="PASS">
          <params>
            <param index="0">
              <value>
                <![CDATA[admin]]>
              </value>
            </param>
            <param index="1">
              <value>
                <![CDATA[adm]]>
              </value>
            </param>
          </params>
          <reporter-output>
          </reporter-output>
        </test-method> <!-- verifyLoginWithInValidCredentials -->
        <test-method is-config="true" signature="afterMethode(org.testng.ITestResult)[pri:0, instance:testCases.LoginPageTest@1603cd68]" started-at="2024-11-04T05:00:02 GST" name="afterMethode" finished-at="2024-11-04T05:00:02 GST" duration-ms="358" status="PASS">
          <params>
            <param index="0">
              <value>
                <![CDATA[[TestResult name=verifyLoginWithInValidCredentials status=SUCCESS method=LoginPageTest.verifyLoginWithInValidCredentials(java.lang.String,java.lang.String)[pri:2, instance:testCases.LoginPageTest@1603cd68] output={null}]]]>
              </value>
            </param>
          </params>
          <reporter-output>
          </reporter-output>
        </test-method> <!-- afterMethode -->
        <test-method is-config="true" signature="beforeMethod(java.lang.String)[pri:0, instance:testCases.LoginPageTest@1603cd68]" started-at="2024-11-04T05:00:02 GST" name="beforeMethod" finished-at="2024-11-04T05:00:07 GST" duration-ms="4466" status="PASS">
          <params>
            <param index="0">
              <value>
                <![CDATA[chrome]]>
              </value>
            </param>
          </params>
          <reporter-output>
          </reporter-output>
        </test-method> <!-- beforeMethod -->
        <test-method signature="verifyLoginWithInValidCredentials(java.lang.String,java.lang.String)[pri:2, instance:testCases.LoginPageTest@1603cd68]" started-at="2024-11-04T05:00:07 GST" name="verifyLoginWithInValidCredentials" data-provider="data-provider" finished-at="2024-11-04T05:00:07 GST" duration-ms="630" status="PASS">
          <params>
            <param index="0">
              <value>
                <![CDATA[abcd]]>
              </value>
            </param>
            <param index="1">
              <value>
                <![CDATA[admin]]>
              </value>
            </param>
          </params>
          <reporter-output>
          </reporter-output>
        </test-method> <!-- verifyLoginWithInValidCredentials -->
        <test-method is-config="true" signature="afterMethode(org.testng.ITestResult)[pri:0, instance:testCases.LoginPageTest@1603cd68]" started-at="2024-11-04T05:00:07 GST" name="afterMethode" finished-at="2024-11-04T05:00:08 GST" duration-ms="270" status="PASS">
          <params>
            <param index="0">
              <value>
                <![CDATA[[TestResult name=verifyLoginWithInValidCredentials status=SUCCESS method=LoginPageTest.verifyLoginWithInValidCredentials(java.lang.String,java.lang.String)[pri:2, instance:testCases.LoginPageTest@1603cd68] output={null}]]]>
              </value>
            </param>
          </params>
          <reporter-output>
          </reporter-output>
        </test-method> <!-- afterMethode -->
        <test-method is-config="true" signature="beforeMethod(java.lang.String)[pri:0, instance:testCases.LoginPageTest@1603cd68]" started-at="2024-11-04T05:00:08 GST" name="beforeMethod" finished-at="2024-11-04T05:00:11 GST" duration-ms="3530" status="PASS">
          <params>
            <param index="0">
              <value>
                <![CDATA[chrome]]>
              </value>
            </param>
          </params>
          <reporter-output>
          </reporter-output>
        </test-method> <!-- beforeMethod -->
        <test-method signature="verifyLoginWithInValidCredentials(java.lang.String,java.lang.String)[pri:2, instance:testCases.LoginPageTest@1603cd68]" started-at="2024-11-04T05:00:11 GST" name="verifyLoginWithInValidCredentials" data-provider="data-provider" finished-at="2024-11-04T05:00:12 GST" duration-ms="647" status="PASS">
          <params>
            <param index="0">
              <value>
                <![CDATA[abcd]]>
              </value>
            </param>
            <param index="1">
              <value>
                <![CDATA[abcde]]>
              </value>
            </param>
          </params>
          <reporter-output>
          </reporter-output>
        </test-method> <!-- verifyLoginWithInValidCredentials -->
        <test-method is-config="true" signature="afterMethode(org.testng.ITestResult)[pri:0, instance:testCases.LoginPageTest@1603cd68]" started-at="2024-11-04T05:00:12 GST" name="afterMethode" finished-at="2024-11-04T05:00:12 GST" duration-ms="192" status="PASS">
          <params>
            <param index="0">
              <value>
                <![CDATA[[TestResult name=verifyLoginWithInValidCredentials status=SUCCESS method=LoginPageTest.verifyLoginWithInValidCredentials(java.lang.String,java.lang.String)[pri:2, instance:testCases.LoginPageTest@1603cd68] output={null}]]]>
              </value>
            </param>
          </params>
          <reporter-output>
          </reporter-output>
        </test-method> <!-- afterMethode -->
      </class> <!-- testCases.LoginPageTest -->
      <class name="testCases.SubCategoryTest">
        <test-method is-config="true" signature="beforeMethod(java.lang.String)[pri:0, instance:testCases.SubCategoryTest@36328d33]" started-at="2024-11-04T04:59:37 GST" name="beforeMethod" finished-at="2024-11-04T04:59:41 GST" duration-ms="4248" status="PASS">
          <params>
            <param index="0">
              <value>
                <![CDATA[chrome]]>
              </value>
            </param>
          </params>
          <reporter-output>
          </reporter-output>
        </test-method> <!-- beforeMethod -->
        <test-method signature="verifySubcategory()[pri:1, instance:testCases.SubCategoryTest@36328d33]" started-at="2024-11-04T04:59:41 GST" name="verifySubcategory" finished-at="2024-11-04T04:59:44 GST" duration-ms="2695" status="PASS">
          <reporter-output>
          </reporter-output>
        </test-method> <!-- verifySubcategory -->
        <test-method is-config="true" signature="afterMethode(org.testng.ITestResult)[pri:0, instance:testCases.SubCategoryTest@36328d33]" started-at="2024-11-04T04:59:44 GST" name="afterMethode" finished-at="2024-11-04T04:59:44 GST" duration-ms="216" status="PASS">
          <params>
            <param index="0">
              <value>
                <![CDATA[[TestResult name=verifySubcategory status=SUCCESS method=SubCategoryTest.verifySubcategory()[pri:1, instance:testCases.SubCategoryTest@36328d33] output={null}]]]>
              </value>
            </param>
          </params>
          <reporter-output>
          </reporter-output>
        </test-method> <!-- afterMethode -->
        <test-method is-config="true" signature="beforeMethod(java.lang.String)[pri:0, instance:testCases.SubCategoryTest@36328d33]" started-at="2024-11-04T04:59:44 GST" name="beforeMethod" finished-at="2024-11-04T04:59:47 GST" duration-ms="3183" status="PASS">
          <params>
            <param index="0">
              <value>
                <![CDATA[chrome]]>
              </value>
            </param>
          </params>
          <reporter-output>
          </reporter-output>
        </test-method> <!-- beforeMethod -->
        <test-method signature="verifyAddNewItem()[pri:2, instance:testCases.SubCategoryTest@36328d33]" started-at="2024-11-04T04:59:47 GST" name="verifyAddNewItem" finished-at="2024-11-04T04:59:51 GST" duration-ms="4059" status="PASS">
          <reporter-output>
          </reporter-output>
        </test-method> <!-- verifyAddNewItem -->
        <test-method is-config="true" signature="afterMethode(org.testng.ITestResult)[pri:0, instance:testCases.SubCategoryTest@36328d33]" started-at="2024-11-04T04:59:51 GST" name="afterMethode" finished-at="2024-11-04T04:59:51 GST" duration-ms="202" status="PASS">
          <params>
            <param index="0">
              <value>
                <![CDATA[[TestResult name=verifyAddNewItem status=SUCCESS method=SubCategoryTest.verifyAddNewItem()[pri:2, instance:testCases.SubCategoryTest@36328d33] output={null}]]]>
              </value>
            </param>
          </params>
          <reporter-output>
          </reporter-output>
        </test-method> <!-- afterMethode -->
        <test-method is-config="true" signature="beforeMethod(java.lang.String)[pri:0, instance:testCases.SubCategoryTest@36328d33]" started-at="2024-11-04T05:00:12 GST" name="beforeMethod" finished-at="2024-11-04T05:00:15 GST" duration-ms="3309" status="PASS">
          <params>
            <param index="0">
              <value>
                <![CDATA[chrome]]>
              </value>
            </param>
          </params>
          <reporter-output>
          </reporter-output>
        </test-method> <!-- beforeMethod -->
        <test-method signature="verifyValidSearch()[pri:3, instance:testCases.SubCategoryTest@36328d33]" started-at="2024-11-04T05:00:15 GST" name="verifyValidSearch" finished-at="2024-11-04T05:00:18 GST" duration-ms="2533" status="PASS">
          <reporter-output>
          </reporter-output>
        </test-method> <!-- verifyValidSearch -->
        <test-method is-config="true" signature="afterMethode(org.testng.ITestResult)[pri:0, instance:testCases.SubCategoryTest@36328d33]" started-at="2024-11-04T05:00:18 GST" name="afterMethode" finished-at="2024-11-04T05:00:18 GST" duration-ms="382" status="PASS">
          <params>
            <param index="0">
              <value>
                <![CDATA[[TestResult name=verifyValidSearch status=SUCCESS method=SubCategoryTest.verifyValidSearch()[pri:3, instance:testCases.SubCategoryTest@36328d33] output={null}]]]>
              </value>
            </param>
          </params>
          <reporter-output>
          </reporter-output>
        </test-method> <!-- afterMethode -->
        <test-method is-config="true" signature="beforeMethod(java.lang.String)[pri:0, instance:testCases.SubCategoryTest@36328d33]" started-at="2024-11-04T05:00:18 GST" name="beforeMethod" finished-at="2024-11-04T05:00:22 GST" duration-ms="3600" status="PASS">
          <params>
            <param index="0">
              <value>
                <![CDATA[chrome]]>
              </value>
            </param>
          </params>
          <reporter-output>
          </reporter-output>
        </test-method> <!-- beforeMethod -->
        <test-method signature="verifyInvalidSearch()[pri:4, instance:testCases.SubCategoryTest@36328d33]" started-at="2024-11-04T05:00:22 GST" name="verifyInvalidSearch" finished-at="2024-11-04T05:00:25 GST" duration-ms="2603" status="PASS">
          <reporter-output>
          </reporter-output>
        </test-method> <!-- verifyInvalidSearch -->
        <test-method is-config="true" signature="afterMethode(org.testng.ITestResult)[pri:0, instance:testCases.SubCategoryTest@36328d33]" started-at="2024-11-04T05:00:25 GST" name="afterMethode" finished-at="2024-11-04T05:00:25 GST" duration-ms="280" status="PASS">
          <params>
            <param index="0">
              <value>
                <![CDATA[[TestResult name=verifyInvalidSearch status=SUCCESS method=SubCategoryTest.verifyInvalidSearch()[pri:4, instance:testCases.SubCategoryTest@36328d33] output={null}]]]>
              </value>
            </param>
          </params>
          <reporter-output>
          </reporter-output>
        </test-method> <!-- afterMethode -->
        <test-method is-config="true" signature="beforeMethod(java.lang.String)[pri:0, instance:testCases.SubCategoryTest@36328d33]" started-at="2024-11-04T05:00:25 GST" name="beforeMethod" finished-at="2024-11-04T05:00:29 GST" duration-ms="4554" status="PASS">
          <params>
            <param index="0">
              <value>
                <![CDATA[chrome]]>
              </value>
            </param>
          </params>
          <reporter-output>
          </reporter-output>
        </test-method> <!-- beforeMethod -->
        <test-method signature="verifyDeleteItem()[pri:5, instance:testCases.SubCategoryTest@36328d33]" started-at="2024-11-04T05:00:29 GST" name="verifyDeleteItem" finished-at="2024-11-04T05:00:32 GST" duration-ms="3034" status="PASS">
          <reporter-output>
          </reporter-output>
        </test-method> <!-- verifyDeleteItem -->
        <test-method is-config="true" signature="afterMethode(org.testng.ITestResult)[pri:0, instance:testCases.SubCategoryTest@36328d33]" started-at="2024-11-04T05:00:32 GST" name="afterMethode" finished-at="2024-11-04T05:00:33 GST" duration-ms="196" status="PASS">
          <params>
            <param index="0">
              <value>
                <![CDATA[[TestResult name=verifyDeleteItem status=SUCCESS method=SubCategoryTest.verifyDeleteItem()[pri:5, instance:testCases.SubCategoryTest@36328d33] output={null}]]]>
              </value>
            </param>
          </params>
          <reporter-output>
          </reporter-output>
        </test-method> <!-- afterMethode -->
      </class> <!-- testCases.SubCategoryTest -->
      <class name="testCases.ManageContactTest">
        <test-method is-config="true" signature="beforeMethod(java.lang.String)[pri:0, instance:testCases.ManageContactTest@76a2ddf3]" started-at="2024-11-04T04:59:20 GST" name="beforeMethod" finished-at="2024-11-04T04:59:25 GST" duration-ms="4984" status="PASS">
          <params>
            <param index="0">
              <value>
                <![CDATA[chrome]]>
              </value>
            </param>
          </params>
          <reporter-output>
          </reporter-output>
        </test-method> <!-- beforeMethod -->
        <test-method signature="verifyContact()[pri:1, instance:testCases.ManageContactTest@76a2ddf3]" started-at="2024-11-04T04:59:25 GST" name="verifyContact" finished-at="2024-11-04T04:59:30 GST" duration-ms="5530" status="PASS">
          <reporter-output>
          </reporter-output>
        </test-method> <!-- verifyContact -->
        <test-method is-config="true" signature="afterMethode(org.testng.ITestResult)[pri:0, instance:testCases.ManageContactTest@76a2ddf3]" started-at="2024-11-04T04:59:30 GST" name="afterMethode" finished-at="2024-11-04T04:59:31 GST" duration-ms="319" status="PASS">
          <params>
            <param index="0">
              <value>
                <![CDATA[[TestResult name=verifyContact status=SUCCESS method=ManageContactTest.verifyContact()[pri:1, instance:testCases.ManageContactTest@76a2ddf3] output={null}]]]>
              </value>
            </param>
          </params>
          <reporter-output>
          </reporter-output>
        </test-method> <!-- afterMethode -->
        <test-method is-config="true" signature="beforeMethod(java.lang.String)[pri:0, instance:testCases.ManageContactTest@76a2ddf3]" started-at="2024-11-04T04:59:51 GST" name="beforeMethod" finished-at="2024-11-04T04:59:55 GST" duration-ms="3965" status="PASS">
          <params>
            <param index="0">
              <value>
                <![CDATA[chrome]]>
              </value>
            </param>
          </params>
          <reporter-output>
          </reporter-output>
        </test-method> <!-- beforeMethod -->
        <test-method signature="verifyContactReset()[pri:2, instance:testCases.ManageContactTest@76a2ddf3]" started-at="2024-11-04T04:59:55 GST" name="verifyContactReset" finished-at="2024-11-04T04:59:58 GST" duration-ms="2523" status="PASS">
          <reporter-output>
          </reporter-output>
        </test-method> <!-- verifyContactReset -->
        <test-method is-config="true" signature="afterMethode(org.testng.ITestResult)[pri:0, instance:testCases.ManageContactTest@76a2ddf3]" started-at="2024-11-04T04:59:58 GST" name="afterMethode" finished-at="2024-11-04T04:59:58 GST" duration-ms="358" status="PASS">
          <params>
            <param index="0">
              <value>
                <![CDATA[[TestResult name=verifyContactReset status=SUCCESS method=ManageContactTest.verifyContactReset()[pri:2, instance:testCases.ManageContactTest@76a2ddf3] output={null}]]]>
              </value>
            </param>
          </params>
          <reporter-output>
          </reporter-output>
        </test-method> <!-- afterMethode -->
      </class> <!-- testCases.ManageContactTest -->
    </test> <!-- chromeTest -->
  </suite> <!-- GroceryApplication -->
</testng-results>
